<?xml version="1.0" encoding="UTF-8"?>
<!-- Generated by org.testng.reporters.JUnitReportReporter -->
<testsuite hostname="DESKTOP-IIDKI3E" failures="0" tests="1" name="rest_first.Test_04_PATCH" time="0.701" errors="0" timestamp="2022-04-13T22:49:35 IST" skipped="0">
  <testcase classname="rest_first.Test_04_PATCH" name="Test_4_PATCH" time="0.701"/>
  <system-out/>
</testsuite> <!-- rest_first.Test_04_PATCH -->
