<?xml version="1.0" encoding="UTF-8"?>
<!-- Generated by org.testng.reporters.JUnitReportReporter -->
<testsuite hostname="DESKTOP-IIDKI3E" failures="0" tests="2" name="Test_1_GET" time="10.937" errors="0" timestamp="2022-04-13T01:53:20 IST" skipped="0">
  <testcase classname="Test_1_GET" name="test_2" time="4.915"/>
  <system-out/>
  <testcase classname="Test_1_GET" name="test_1" time="6.022"/>
  <system-out/>
</testsuite> <!-- Test_1_GET -->
