<?xml version="1.0" encoding="UTF-8"?>
<!-- Generated by org.testng.reporters.JUnitReportReporter -->
<testsuite hostname="DESKTOP-IIDKI3E" failures="0" tests="1" name="rest_first.Test_01_GET" time="5.300" errors="0" timestamp="2022-04-13T22:49:35 IST" skipped="0">
  <testcase classname="rest_first.Test_01_GET" name="Test_01_Get" time="5.300"/>
  <system-out/>
</testsuite> <!-- rest_first.Test_01_GET -->
