<?xml version="1.0" encoding="UTF-8"?>
<!-- Generated by org.testng.reporters.JUnitReportReporter -->
<testsuite hostname="DESKTOP-IIDKI3E" failures="0" tests="1" name="rest_first.Test_02_POST" time="7.404" errors="0" timestamp="2022-04-13T22:49:35 IST" skipped="0">
  <testcase classname="rest_first.Test_02_POST" name="Test2_POST" time="7.404"/>
  <system-out/>
</testsuite> <!-- rest_first.Test_02_POST -->
