<?xml version="1.0" encoding="UTF-8"?>
<!-- Generated by org.testng.reporters.JUnitReportReporter -->
<testsuite hostname="DESKTOP-IIDKI3E" failures="0" tests="1" name="rest_first.Test1_GET" time="10.593" errors="0" timestamp="2022-04-13T22:09:13 IST" skipped="0">
  <testcase classname="rest_first.Test1_GET" name="Test_01_Get" time="10.593"/>
  <system-out/>
</testsuite> <!-- rest_first.Test1_GET -->
