<?xml version="1.0" encoding="UTF-8"?>
<!-- Generated by org.testng.reporters.JUnitReportReporter -->
<testsuite hostname="DESKTOP-IIDKI3E" failures="0" tests="2" name="rest_first.Test_1_intro" time="2.940" errors="0" timestamp="2022-04-13T22:49:35 IST" skipped="0">
  <testcase classname="rest_first.Test_1_intro" name="test_2" time="2.477"/>
  <system-out/>
  <testcase classname="rest_first.Test_1_intro" name="test_1" time="0.463"/>
  <system-out/>
</testsuite> <!-- rest_first.Test_1_intro -->
